<?xml version="1.0" encoding="UTF-8"?>
<!-- Generated by org.testng.reporters.JUnitXMLReporter -->
<testsuite ignored="0" hostname="INSML-8RLVCF" failures="0" tests="2" name="switchMultipleLinkInNewTab" time="10.778" errors="0" timestamp="2023-02-09T18:52:30 IST">
  <testcase classname="ui_windowHandles.windowHandles" name="multipleLinkInNewTab" time="3.475"/>
  <testcase classname="ui_windowHandles.windowHandles" name="linkInNewTab" time="3.527"/>
</testsuite> <!-- switchMultipleLinkInNewTab -->
