<?xml version="1.0" encoding="UTF-8"?>
<!-- Generated by org.testng.reporters.JUnitXMLReporter -->
<testsuite ignored="0" hostname="INSML-8RLVCF" failures="2" tests="3" name="switchMultipleLinkInNewTab" time="8.493" errors="0" timestamp="2023-02-07T20:09:30 IST">
  <testcase classname="ui_windowHandles.windowHandles" name="multipleLinkInNewTab" time="0.0">
    <failure type="org.testng.TestNGException" message="
Cannot inject @Test annotated Method [multipleLinkInNewTab] with [interface org.testng.ITestResult].
For more information on native dependency injection please refer to https://testng.org/doc/documentation-main.html#native-dependency-injection">
      <![CDATA[org.testng.TestNGException: 
For more information on native dependency injection please refer to https://testng.org/doc/documentation-main.html#native-dependency-injection
at java.base/java.util.concurrent.ThreadPoolExecutor.runWorker(ThreadPoolExecutor.java:1136)
at java.base/java.util.concurrent.ThreadPoolExecutor$Worker.run(ThreadPoolExecutor.java:635)
at java.base/java.lang.Thread.run(Thread.java:833)
... Removed 12 stack frames]]>
    </failure>
  </testcase> <!-- multipleLinkInNewTab -->
  <testcase classname="ui_windowHandles.windowHandles" name="linkInNewTab" time="0.0">
    <failure type="org.testng.TestNGException" message="
Cannot inject @Test annotated Method [linkInNewTab] with [interface org.testng.ITestResult].
For more information on native dependency injection please refer to https://testng.org/doc/documentation-main.html#native-dependency-injection">
      <![CDATA[org.testng.TestNGException: 
For more information on native dependency injection please refer to https://testng.org/doc/documentation-main.html#native-dependency-injection
at java.base/java.util.concurrent.ThreadPoolExecutor.runWorker(ThreadPoolExecutor.java:1136)
at java.base/java.util.concurrent.ThreadPoolExecutor$Worker.run(ThreadPoolExecutor.java:635)
at java.base/java.lang.Thread.run(Thread.java:833)
... Removed 12 stack frames]]>
    </failure>
  </testcase> <!-- linkInNewTab -->
  <testcase classname="ui_windowHandles.windowHandles" name="switchMultipleLinkInNewTab" time="3.255"/>
</testsuite> <!-- switchMultipleLinkInNewTab -->
