<?xml version="1.0" encoding="UTF-8"?>
<testng-results ignored="0" total="2" passed="2" failed="0" skipped="0">
  <reporter-output>
  </reporter-output>
  <suite started-at="2023-02-09T18:52:20 IST" name="WindowHandles" finished-at="2023-02-09T18:52:30 IST" duration-ms="10778">
    <groups>
    </groups>
    <test started-at="2023-02-09T18:52:20 IST" name="switchMultipleLinkInNewTab" finished-at="2023-02-09T18:52:30 IST" duration-ms="10778">
      <class name="ui_windowHandles.windowHandles">
        <test-method is-config="true" signature="loadUrl()[pri:0, instance:ui_windowHandles.windowHandles@71a8adcf]" started-at="2023-02-09T18:52:20 IST" name="loadUrl" finished-at="2023-02-09T18:52:27 IST" duration-ms="7013" status="PASS">
          <reporter-output>
          </reporter-output>
        </test-method> <!-- loadUrl -->
        <test-method is-config="true" signature="loadUrl()[pri:0, instance:ui_windowHandles.windowHandles@71a8adcf]" started-at="2023-02-09T18:52:20 IST" name="loadUrl" finished-at="2023-02-09T18:52:27 IST" duration-ms="7015" status="PASS">
          <reporter-output>
          </reporter-output>
        </test-method> <!-- loadUrl -->
        <test-method is-config="true" signature="loadUrl()[pri:0, instance:ui_windowHandles.windowHandles@71a8adcf]" started-at="2023-02-09T18:52:20 IST" name="loadUrl" finished-at="2023-02-09T18:52:27 IST" duration-ms="7011" status="PASS">
          <reporter-output>
          </reporter-output>
        </test-method> <!-- loadUrl -->
        <test-method signature="multipleLinkInNewTab(org.testng.ITestContext)[pri:0, instance:ui_windowHandles.windowHandles@71a8adcf]" started-at="2023-02-09T18:52:27 IST" name="multipleLinkInNewTab" finished-at="2023-02-09T18:52:30 IST" duration-ms="3475" status="PASS">
          <params>
            <param index="0">
              <value>
                <![CDATA[org.testng.TestRunner@74094fc]]>
              </value>
            </param>
          </params>
          <reporter-output>
          </reporter-output>
        </test-method> <!-- multipleLinkInNewTab -->
        <test-method signature="linkInNewTab(org.testng.ITestContext)[pri:0, instance:ui_windowHandles.windowHandles@71a8adcf]" started-at="2023-02-09T18:52:27 IST" name="linkInNewTab" finished-at="2023-02-09T18:52:30 IST" duration-ms="3527" status="PASS">
          <params>
            <param index="0">
              <value>
                <![CDATA[org.testng.TestRunner@74094fc]]>
              </value>
            </param>
          </params>
          <reporter-output>
          </reporter-output>
        </test-method> <!-- linkInNewTab -->
        <test-method is-config="true" signature="closeWindow()[pri:0, instance:ui_windowHandles.windowHandles@71a8adcf]" started-at="2023-02-09T18:52:30 IST" name="closeWindow" finished-at="2023-02-09T18:52:30 IST" duration-ms="249" status="PASS">
          <reporter-output>
          </reporter-output>
        </test-method> <!-- closeWindow -->
        <test-method is-config="true" signature="closeWindow()[pri:0, instance:ui_windowHandles.windowHandles@71a8adcf]" started-at="2023-02-09T18:52:30 IST" name="closeWindow" finished-at="2023-02-09T18:52:30 IST" duration-ms="196" status="PASS">
          <reporter-output>
          </reporter-output>
        </test-method> <!-- closeWindow -->
      </class> <!-- ui_windowHandles.windowHandles -->
    </test> <!-- switchMultipleLinkInNewTab -->
  </suite> <!-- WindowHandles -->
</testng-results>
